easycrypt/build/outputs/mapping/release/seeds.txt
com.pvryan.easycrypt.R$id
com.pvryan.easycrypt.randomorg.RandomOrgResponse
com.pvryan.easycrypt.randomorg.RandomOrgRequest
com.pvryan.easycrypt.R$animator
com.pvryan.easycrypt.randomorg.RandomOrgResponse$Result$Random
com.pvryan.easycrypt.randomorg.RandomOrgApis
com.pvryan.easycrypt.R$dimen
com.pvryan.easycrypt.R$bool
com.pvryan.easycrypt.R$layout
com.pvryan.easycrypt.R$attr
com.pvryan.easycrypt.randomorg.RandomOrg$Companion
com.pvryan.easycrypt.R$string
com.pvryan.easycrypt.R$interpolator
com.pvryan.easycrypt.randomorg.RandomOrgApis$Companion
com.pvryan.easycrypt.R$anim
com.pvryan.easycrypt.randomorg.RandomOrgResponse$Error
com.pvryan.easycrypt.R
com.pvryan.easycrypt.R$styleable
com.pvryan.easycrypt.R$integer
com.pvryan.easycrypt.R$style
com.pvryan.easycrypt.R$color
com.pvryan.easycrypt.R$drawable
com.pvryan.easycrypt.randomorg.RandomOrgRequest$Params
com.pvryan.easycrypt.randomorg.RandomOrg
com.pvryan.easycrypt.randomorg.RandomOrgResponse$Result
com.pvryan.easycrypt.R$style: int Base_TextAppearance_AppCompat_Caption
com.pvryan.easycrypt.R$styleable: int AppCompatTheme_dropdownListPreferredItemHeight
com.pvryan.easycrypt.R$color: int bright_foreground_inverse_material_dark
com.pvryan.easycrypt.R$color: int material_grey_100
com.pvryan.easycrypt.R$attr: int colorPrimaryDark
com.pvryan.easycrypt.R$dimen: int abc_progress_bar_height_material
com.pvryan.easycrypt.R$anim: int btn_radio_to_off_mtrl_ring_outer_path_animation
com.pvryan.easycrypt.R$id: int action_mode_close_button
com.pvryan.easycrypt.R$style: int Platform_Widget_AppCompat_Spinner
com.pvryan.easycrypt.R$attr: int colorAccent
com.pvryan.easycrypt.R$attr: int paddingEnd
com.pvryan.easycrypt.R$attr: int elevation
com.pvryan.easycrypt.R$drawable: int abc_ic_menu_cut_mtrl_alpha
com.pvryan.easycrypt.R$styleable: int AppCompatTheme_windowActionBar
com.pvryan.easycrypt.R$styleable: int SearchView_queryBackground
com.pvryan.easycrypt.R$styleable: int LinearLayoutCompat_showDividers
com.pvryan.easycrypt.R$id: int tabMode
com.pvryan.easycrypt.R$styleable: int MenuItem_iconTint
com.pvryan.easycrypt.R$color: int material_grey_50
com.pvryan.easycrypt.R$style: int Base_Widget_AppCompat_ActionBar_TabBar
com.pvryan.easycrypt.R$style: int Widget_AppCompat_ButtonBar_AlertDialog
com.pvryan.easycrypt.R$attr: int windowFixedWidthMinor
com.pvryan.easycrypt.R$style: int Widget_AppCompat_SearchView
com.pvryan.easycrypt.R$styleable: int ActionBar_logo
com.pvryan.easycrypt.R$color: int material_grey_600
com.pvryan.easycrypt.R$styleable: int SwitchCompat_trackTint
com.pvryan.easycrypt.R$style: int Widget_AppCompat_ListMenuView
com.pvryan.easycrypt.R$interpolator: int btn_checkbox_checked_mtrl_animation_interpolator_0
com.pvryan.easycrypt.R$attr: int controlBackground
com.pvryan.easycrypt.R$styleable: int[] AppCompatEmojiHelper
com.pvryan.easycrypt.R$attr: int showAsAction
com.pvryan.easycrypt.R$dimen: int abc_text_size_body_1_material
com.pvryan.easycrypt.R$drawable: int btn_checkbox_unchecked_to_checked_mtrl_animation
com.pvryan.easycrypt.R$styleable: int AppCompatTheme_listPreferredItemPaddingRight
com.pvryan.easycrypt.R$attr: int hideOnContentScroll
com.pvryan.easycrypt.R$styleable: int ActionBar_height
com.pvryan.easycrypt.R$color: int switch_thumb_disabled_material_light
com.pvryan.easycrypt.R$drawable: int abc_seekbar_tick_mark_material
com.pvryan.easycrypt.R$dimen: int abc_list_item_height_large_material
com.pvryan.easycrypt.R$style: int TextAppearance_AppCompat_Headline
com.pvryan.easycrypt.R$styleable: int TextAppearance_android_textColorLink
com.pvryan.easycrypt.R$styleable: int AppCompatTheme_controlBackground
com.pvryan.easycrypt.R$styleable: int AlertDialog_multiChoiceItemLayout
com.pvryan.easycrypt.R$style: int Base_Widget_AppCompat_ListView_Menu
com.pvryan.easycrypt.R$attr: int contentInsetStart
com.pvryan.easycrypt.R$styleable: int AppCompatTheme_textAppearanceSearchResultSubtitle
com.pvryan.easycrypt.R$drawable: int abc_seekbar_thumb_material