easycrypt/build/outputs/mapping/release/usage.txt
com.pvryan.easycrypt.BuildConfig
com.pvryan.easycrypt.Constants$Companion
com.pvryan.easycrypt.Constants
com.pvryan.easycrypt.ECKeys$genRSAKeyPair$1
com.pvryan.easycrypt.ECKeys$genRandomOrgPassword$1
com.pvryan.easycrypt.ECKeys
com.pvryan.easycrypt.ECResultListener$DefaultImpls
com.pvryan.easycrypt.ECResultListener
com.pvryan.easycrypt.PRNGFixes$LinuxPRNGSecureRandom
com.pvryan.easycrypt.PRNGFixes$LinuxPRNGSecureRandomProvider
com.pvryan.easycrypt.PRNGFixes
com.pvryan.easycrypt.asymmetric.ECAsymmetric$KeySizes
com.pvryan.easycrypt.asymmetric.ECAsymmetric$decrypt$1
com.pvryan.easycrypt.asymmetric.ECAsymmetric$encrypt$1
com.pvryan.easycrypt.asymmetric.ECAsymmetric$sign$1
com.pvryan.easycrypt.asymmetric.ECAsymmetric$verify$1
com.pvryan.easycrypt.asymmetric.ECAsymmetric
com.pvryan.easycrypt.asymmetric.ECRSAKeyPairListener
com.pvryan.easycrypt.asymmetric.ECVerifiedListener$DefaultImpls
com.pvryan.easycrypt.asymmetric.ECVerifiedListener
com.pvryan.easycrypt.asymmetric.performDecrypt$invoke$1$onSuccess$1
com.pvryan.easycrypt.asymmetric.performDecrypt$invoke$1
com.pvryan.easycrypt.asymmetric.performDecrypt$invoke$2$onSuccess$1
com.pvryan.easycrypt.asymmetric.performDecrypt$invoke$2
com.pvryan.easycrypt.asymmetric.performDecrypt
com.pvryan.easycrypt.asymmetric.performEncrypt$invoke$1$onSuccess$1
com.pvryan.easycrypt.asymmetric.performEncrypt$invoke$1
com.pvryan.easycrypt.asymmetric.performEncrypt$invoke$2$onSuccess$1
com.pvryan.easycrypt.asymmetric.performEncrypt$invoke$2
com.pvryan.easycrypt.asymmetric.performEncrypt
com.pvryan.easycrypt.asymmetric.performSign
com.pvryan.easycrypt.asymmetric.performVerify
com.pvryan.easycrypt.extensions.DataTypeExtensionsKt
com.pvryan.easycrypt.hash.ECHash$calculate$1
com.pvryan.easycrypt.hash.ECHash
com.pvryan.easycrypt.hash.ECHashAlgorithms
com.pvryan.easycrypt.symmetric.ECPasswordAnalysis$CrackTimeSeconds
com.pvryan.easycrypt.symmetric.ECPasswordAnalysis$CrackTimesDisplay
com.pvryan.easycrypt.symmetric.ECPasswordAnalysis$Feedback
com.pvryan.easycrypt.symmetric.ECPasswordAnalysis
com.pvryan.easycrypt.symmetric.ECPasswordAnalyzer$Companion
com.pvryan.easycrypt.symmetric.ECPasswordAnalyzer
com.pvryan.easycrypt.symmetric.ECPasswordListener
com.pvryan.easycrypt.symmetric.ECPasswordStrengths
com.pvryan.easycrypt.symmetric.ECSymmetric$decrypt$1$1
com.pvryan.easycrypt.symmetric.ECSymmetric$decrypt$1
com.pvryan.easycrypt.symmetric.ECSymmetric$encrypt$1$1
com.pvryan.easycrypt.symmetric.ECSymmetric$encrypt$1
com.pvryan.easycrypt.symmetric.ECSymmetric
com.pvryan.easycrypt.symmetric.ECSymmetricTransformations
com.pvryan.easycrypt.symmetric.performDecrypt
com.pvryan.easycrypt.symmetric.performEncrypt